SIM105 Use `contextlib.suppress(KeyError, IndexError)` instead of `try`-`except`-`pass`
   --> panel\i18n\__init__.py:98:9
    |
 96 |           text = default if default is not None else dotted_key
 97 |       if params:
 98 | /         try:
 99 | |             text = text.format(**{k: v for k, v in params.items()})
100 | |         except (KeyError, IndexError):
101 | |             # Leave unresolved placeholders as-is.
102 | |             pass
    | |________________^
103 |       return text
    |
help: Replace `try`-`except`-`pass` with `with contextlib.suppress(KeyError, IndexError): ...`

C416 Unnecessary dict comprehension (rewrite using `dict()`)
   --> panel\i18n\__init__.py:99:34
    |
 97 |     if params:
 98 |         try:
 99 |             text = text.format(**{k: v for k, v in params.items()})
    |                                  ^^^^^^^^^^^^^^^^^^^^^^^^^^^^^^^^^
100 |         except (KeyError, IndexError):
101 |             # Leave unresolved placeholders as-is.
    |
help: Rewrite using `dict()`

Found 2 errors.
No fixes available (1 hidden fix can be enabled with the `--unsafe-fixes` option).
